<?xml version="1.0" encoding="UTF-8"?>
<!-- Generated by org.testng.reporters.JUnitReportReporter -->
<testsuite hostname="DESKTOP-14AU4L2" failures="0" tests="2" name="OFOS.TC009_Add_Dish_FromNorthStreetTavern" time="7.255" errors="0" timestamp="2023-08-03T16:51:41 IST" skipped="0">
  <testcase classname="OFOS.TC009_Add_Dish_FromNorthStreetTavern" name="addDish" time="5.121"/>
  <testcase classname="OFOS.TC009_Add_Dish_FromNorthStreetTavern" name="verifyLogin" time="2.134"/>
  <system-out>
    <![CDATA[Browser window is maximized successfully]]>
  </system-out>
</testsuite> <!-- OFOS.TC009_Add_Dish_FromNorthStreetTavern -->
