<?xml version="1.0" encoding="UTF-8"?>
<!-- Generated by org.testng.reporters.JUnitReportReporter -->
<testsuite hostname="TYSS-Yogita" failures="0" tests="1" name="test_Scripts.RegisterTest" time="0.465" errors="0" timestamp="2023-06-26T14:46:53 IST" skipped="0">
  <testcase classname="test_Scripts.RegisterTest" name="registerTest" time="0.465"/>
  <system-out/>
</testsuite> <!-- test_Scripts.RegisterTest -->
