<?xml version="1.0" encoding="UTF-8"?>
<!-- Generated by org.testng.reporters.JUnitReportReporter -->
<testsuite hostname="DESKTOP-14AU4L2" failures="0" tests="2" name="OFOS.TC008_Cancel_Order" time="19.323" errors="0" timestamp="2023-08-05T12:31:07 IST" skipped="0">
  <testcase classname="OFOS.TC008_Cancel_Order" name="OrderUsingCod" time="13.150"/>
  <testcase classname="OFOS.TC008_Cancel_Order" name="cancelOrder" time="6.173"/>
  <system-out>
    <![CDATA[Browser window is maximized successfully
Browser window is maximized successfully
Browser window is maximized successfully
Browser window is maximized successfully
Browser window is maximized successfully
Browser window is maximized successfully
Browser window is maximized successfully
Browser window is maximized successfully
Browser window is maximized successfully
Browser window is maximized successfully
Browser window is maximized successfully
Browser window is maximized successfully
Browser window is maximized successfully
Browser window is maximized successfully
Browser window is maximized successfully
Browser window is maximized successfully
Browser window is maximized successfully
Browser window is maximized successfully
Browser window is maximized successfully]]>
  </system-out>
</testsuite> <!-- OFOS.TC008_Cancel_Order -->
